Arguments: 
  /usr/local/bin/node /usr/share/yarn/bin/yarn.js

PATH: 
  /usr/local/sbin:/usr/local/bin:/usr/sbin:/usr/bin:/sbin:/bin:/snap/bin

Yarn version: 
  1.15.2

Node version: 
  11.10.0

Platform: 
  linux x64

Trace: 
  Error: getaddrinfo ENOTFOUND registry.yarnpkg.com registry.yarnpkg.com:443
      at GetAddrInfoReqWrap.onlookup [as oncomplete] (dns.js:58:26)

npm manifest: 
  {
    "name": "dbbackend",
    "version": "1.0.0",
    "description": "products backend app",
    "main": "app.js",
    "scripts": {
      "start": "node app.js",
      "dev": "nodemon app.js"
    },
    "author": "Nax",
    "license": "ISC",
    "dependencies": {
      "amqplib": "^0.5.5",
      "bcrypt": "^3.0.6",
      "bcryptjs": "^2.4.3",
      "body-parser": "^1.19.0",
      "cors": "^2.8.5",
      "express": "^4.17.1",
      "express-handlebars": "^3.1.0",
      "jsonwebtoken": "^8.5.1",
      "mysql2": "^1.6.5",
      "nodemailer": "^6.3.1",
      "passport": "^0.4.0",
      "passport-http-bearer": "^1.0.1",
      "passport-jwt": "^4.0.0",
      "passport-local": "^1.0.0",
      "querystring": "^0.2.0",
      "redis": "^2.8.0",
      "sequelize": "^5.11.0",
      "url": "^0.11.0",
      "uuid": "^3.3.2"
    }
  }

yarn manifest: 
  No manifest

Lockfile: 
  No lockfile
